build/app/intermediates/manifest_merge_blame_file/prodDebug/manifest-merger-blame-prod-debug-report.txt
1<?xml version="1.0" encoding="utf-8"?>
2<manifest xmlns:android="http://schemas.android.com/apk/res/android"
3    package="com.rpc.kreki119"
4    android:versionCode="10003"
5    android:versionName="1.0.3" >
6
7    <uses-sdk
8        android:minSdkVersion="21"
9        android:targetSdkVersion="33" />
10    <!--
11         Flutter needs it to communicate with the running application
12         to allow setting breakpoints, to provide hot reload, etc.
13    -->
14    <uses-permission android:name="android.permission.INTERNET" />
14-->src\main\AndroidManifest.xml:4:5-66
14-->src\main\AndroidManifest.xml:4:22-64
15    <uses-permission android:name="android.permission.ACCESS_FINE_LOCATION" />
15-->src\main\AndroidManifest.xml:5:5-79
15-->src\main\AndroidManifest.xml:5:22-76
16    <uses-permission android:name="android.permission.ACCESS_COARSE_LOCATION" />
16-->src\main\AndroidManifest.xml:6:5-81
16-->src\main\AndroidManifest.xml:6:22-78
17    <uses-permission android:name="android.permission.WRITE_EXTERNAL_STORAGE" />
17-->src\main\AndroidManifest.xml:7:5-81
17-->src\main\AndroidManifest.xml:7:22-78
18    <uses-permission android:name="android.permission.READ_EXTERNAL_STORAGE" />
18-->src\main\AndroidManifest.xml:8:5-80
18-->src\main\AndroidManifest.xml:8:22-77
19    <uses-permission android:name="android.permission.CAMERA" />
19-->src\main\AndroidManifest.xml:9:5-64
19-->src\main\AndroidManifest.xml:9:22-62
20    <uses-permission android:name="android.permission.GALLERY" />
20-->src\main\AndroidManifest.xml:10:5-65
20-->src\main\AndroidManifest.xml:10:22-63
21
22    <queries>
22-->src\main\AndroidManifest.xml:78:5-94:15
23
24        <!-- If your app checks for SMS support -->
25        <intent>
25-->src\main\AndroidManifest.xml:80:9-83:18
26            <action android:name="android.intent.action.VIEW" />
26-->src\main\AndroidManifest.xml:81:13-65
26-->src\main\AndroidManifest.xml:81:21-62
27
28            <data android:scheme="sms" />
28-->src\main\AndroidManifest.xml:82:13-42
28-->src\main\AndroidManifest.xml:82:19-39
29        </intent>
30        <!-- If your app checks for call support -->
31        <intent>
31-->src\main\AndroidManifest.xml:85:9-88:18
32            <action android:name="android.intent.action.VIEW" />
32-->src\main\AndroidManifest.xml:81:13-65
32-->src\main\AndroidManifest.xml:81:21-62
33
34            <data android:scheme="tel" />
34-->src\main\AndroidManifest.xml:82:13-42
34-->src\main\AndroidManifest.xml:82:19-39
35        </intent>
36        <intent>
36-->src\main\AndroidManifest.xml:89:9-93:18
37            <action android:name="android.intent.action.VIEW" />
37-->src\main\AndroidManifest.xml:81:13-65
37-->src\main\AndroidManifest.xml:81:21-62
38
39            <category android:name="android.intent.category.BROWSABLE" />
39-->src\main\AndroidManifest.xml:91:13-74
39-->src\main\AndroidManifest.xml:91:23-71
40
41            <data android:scheme="https" />
41-->src\main\AndroidManifest.xml:82:13-42
41-->src\main\AndroidManifest.xml:82:19-39
42        </intent>
43        <!-- Needs to be explicitly declared on Android R+ -->
44        <package android:name="com.google.android.apps.maps" />
44-->[com.google.android.gms:play-services-maps:18.2.0] AndroidManifest.xml:33:9-64
44-->[com.google.android.gms:play-services-maps:18.2.0] AndroidManifest.xml:33:18-61
45    </queries>
46
47    <uses-permission android:name="android.permission.WAKE_LOCK" />
47-->[:firebase_messaging] AndroidManifest.xml:8:5-68
47-->[:firebase_messaging] AndroidManifest.xml:8:22-65
48    <uses-permission android:name="android.permission.ACCESS_NETWORK_STATE" /> <!-- Permissions options for the `notification` group -->
48-->[:firebase_messaging] AndroidManifest.xml:9:5-79
48-->[:firebase_messaging] AndroidManifest.xml:9:22-76
49    <uses-permission android:name="android.permission.POST_NOTIFICATIONS" />
49-->[:firebase_messaging] AndroidManifest.xml:11:5-77
49-->[:firebase_messaging] AndroidManifest.xml:11:22-74
50    <uses-permission android:name="android.permission.RECEIVE_BOOT_COMPLETED" />
50-->[:flutter_local_notifications] AndroidManifest.xml:7:5-81
50-->[:flutter_local_notifications] AndroidManifest.xml:7:22-78
51    <uses-permission android:name="android.permission.VIBRATE" />
51-->[:flutter_local_notifications] AndroidManifest.xml:8:5-66
51-->[:flutter_local_notifications] AndroidManifest.xml:8:22-63
52    <uses-permission android:name="android.permission.USE_FULL_SCREEN_INTENT" />
52-->[:flutter_local_notifications] AndroidManifest.xml:9:5-81
52-->[:flutter_local_notifications] AndroidManifest.xml:9:22-78
53    <uses-permission android:name="android.permission.SCHEDULE_EXACT_ALARM" /> <!-- Required by older versions of Google Play services to create IID tokens -->
53-->[:flutter_local_notifications] AndroidManifest.xml:10:5-79
53-->[:flutter_local_notifications] AndroidManifest.xml:10:22-76
54    <uses-permission android:name="com.google.android.c2dm.permission.RECEIVE" />
54-->[com.google.firebase:firebase-messaging:23.3.1] AndroidManifest.xml:26:5-82
54-->[com.google.firebase:firebase-messaging:23.3.1] AndroidManifest.xml:26:22-79
55    <uses-permission android:name="com.google.android.gms.permission.AD_ID" />
55-->[com.google.android.gms:play-services-measurement-api:21.5.0] AndroidManifest.xml:25:5-79
55-->[com.google.android.gms:play-services-measurement-api:21.5.0] AndroidManifest.xml:25:22-76
56    <uses-permission android:name="android.permission.ACCESS_ADSERVICES_ATTRIBUTION" />
56-->[com.google.android.gms:play-services-measurement-api:21.5.0] AndroidManifest.xml:26:5-88
56-->[com.google.android.gms:play-services-measurement-api:21.5.0] AndroidManifest.xml:26:22-85
57    <uses-permission android:name="android.permission.ACCESS_ADSERVICES_AD_ID" />
57-->[com.google.android.gms:play-services-measurement-api:21.5.0] AndroidManifest.xml:27:5-82
57-->[com.google.android.gms:play-services-measurement-api:21.5.0] AndroidManifest.xml:27:22-79
58    <uses-permission android:name="com.google.android.finsky.permission.BIND_GET_INSTALL_REFERRER_SERVICE" />
58-->[com.google.android.gms:play-services-measurement:21.5.0] AndroidManifest.xml:26:5-110
58-->[com.google.android.gms:play-services-measurement:21.5.0] AndroidManifest.xml:26:22-107
59
60    <uses-feature
60-->[com.google.android.gms:play-services-maps:18.2.0] AndroidManifest.xml:26:5-28:35
61        android:glEsVersion="0x00020000"
61-->[com.google.android.gms:play-services-maps:18.2.0] AndroidManifest.xml:27:9-41
62        android:required="true" />
62-->[com.google.android.gms:play-services-maps:18.2.0] AndroidManifest.xml:28:9-32
63
64    <permission
64-->[androidx.core:core:1.10.1] AndroidManifest.xml:22:5-24:47
65        android:name="com.rpc.kreki119.DYNAMIC_RECEIVER_NOT_EXPORTED_PERMISSION"
65-->[androidx.core:core:1.10.1] AndroidManifest.xml:23:9-81
66        android:protectionLevel="signature" />
66-->[androidx.core:core:1.10.1] AndroidManifest.xml:24:9-44
67
68    <uses-permission android:name="com.rpc.kreki119.DYNAMIC_RECEIVER_NOT_EXPORTED_PERMISSION" />
68-->[androidx.core:core:1.10.1] AndroidManifest.xml:26:5-97
68-->[androidx.core:core:1.10.1] AndroidManifest.xml:26:22-94
69
70    <application
70-->src\main\AndroidManifest.xml:13:4-77:19
71        android:appComponentFactory="androidx.core.app.CoreComponentFactory"
71-->[androidx.core:core:1.10.1] AndroidManifest.xml:28:18-86
72        android:debuggable="true"
73        android:icon="@mipmap/ic_launcher"
73-->src\main\AndroidManifest.xml:15:9-43
74        android:label="Help-119" >
74-->src\main\AndroidManifest.xml:14:9-33
75        <meta-data
75-->src\main\AndroidManifest.xml:17:9-18:69
76            android:name="com.google.android.geo.API_KEY"
76-->src\main\AndroidManifest.xml:17:20-65
77            android:value="AIzaSyC-mEp034Q8gpYB0sUccnqGnjcvD-6Ky8U" />
77-->src\main\AndroidManifest.xml:18:12-67
78        <meta-data
78-->src\main\AndroidManifest.xml:20:8-21:70
79            android:name="com.google.firebase.messaging.default_notification_channel_id"
79-->src\main\AndroidManifest.xml:20:20-96
80            android:value="@string/default_notification_channel_id" />
80-->src\main\AndroidManifest.xml:21:12-67
81
82        <activity
82-->src\main\AndroidManifest.xml:23:9-69:20
83            android:name="com.rpc.kreki119.MainActivity"
83-->src\main\AndroidManifest.xml:24:13-41
84            android:configChanges="orientation|keyboardHidden|keyboard|screenSize|smallestScreenSize|locale|layoutDirection|fontScale|screenLayout|density|uiMode"
84-->src\main\AndroidManifest.xml:29:13-163
85            android:exported="true"
85-->src\main\AndroidManifest.xml:27:13-36
86            android:hardwareAccelerated="true"
86-->src\main\AndroidManifest.xml:30:13-47
87            android:launchMode="singleTop"
87-->src\main\AndroidManifest.xml:25:13-43
88            android:requestLegacyExternalStorage="true"
88-->src\main\AndroidManifest.xml:26:13-56
89            android:showWhenLocked="true"
89-->src\main\AndroidManifest.xml:31:13-42
90            android:theme="@style/LaunchTheme"
90-->src\main\AndroidManifest.xml:28:13-47
91            android:turnScreenOn="true"
91-->src\main\AndroidManifest.xml:32:13-40
92            android:windowSoftInputMode="adjustResize" >
92-->src\main\AndroidManifest.xml:33:13-55
93
94            <!--
95                 Specifies an Android theme to apply to this Activity as soon as
96                 the Android process has started. This theme is visible to the user
97                 while the Flutter UI initializes. After that, this theme continues
98                 to determine the Window background behind the Flutter UI.
99            -->
100            <meta-data
100-->src\main\AndroidManifest.xml:38:13-41:17
101                android:name="io.flutter.embedding.android.NormalTheme"
101-->src\main\AndroidManifest.xml:39:15-70
102                android:resource="@style/NormalTheme" />
102-->src\main\AndroidManifest.xml:40:15-52
103            <!--
104                 Displays an Android View that continues showing the launch screen
105                 Drawable until Flutter paints its first frame, then this splash
106                 screen fades out. A splash screen is useful to avoid any visual
107                 gap between the end of Android's launch screen and the painting of
108                 Flutter's first frame.
109            -->
110            <meta-data
110-->src\main\AndroidManifest.xml:47:13-50:17
111                android:name="io.flutter.embedding.android.SplashScreenDrawable"
111-->src\main\AndroidManifest.xml:48:15-79
112                android:resource="@drawable/launch_background" />
112-->src\main\AndroidManifest.xml:49:15-61
113
114            <intent-filter>
114-->src\main\AndroidManifest.xml:51:13-54:29
115                <action android:name="android.intent.action.MAIN" />
115-->src\main\AndroidManifest.xml:52:17-68
115-->src\main\AndroidManifest.xml:52:25-66
116
117                <category android:name="android.intent.category.LAUNCHER" />
117-->src\main\AndroidManifest.xml:53:17-76
117-->src\main\AndroidManifest.xml:53:27-74
118            </intent-filter>
119            <!--
120            fcm setup firebase  for more info check this link
121            https://firebase.google.com/docs/cloud-messaging/flutter/client
122            -->
123            <meta-data
123-->src\main\AndroidManifest.xml:57:13-59:41
124                android:name="firebase_messaging_auto_init_enabled"
124-->src\main\AndroidManifest.xml:58:17-68
125                android:value="false" />
125-->src\main\AndroidManifest.xml:59:17-38
126            <meta-data
126-->src\main\AndroidManifest.xml:60:13-62:41
127                android:name="firebase_analytics_collection_enabled"
127-->src\main\AndroidManifest.xml:61:17-69
128                android:value="false" />
128-->src\main\AndroidManifest.xml:62:17-38
129
130            <intent-filter>
130-->src\main\AndroidManifest.xml:63:13-66:29
131                <action android:name="FLUTTER_NOTIFICATION_CLICK" />
131-->src\main\AndroidManifest.xml:64:17-69
131-->src\main\AndroidManifest.xml:64:25-66
132
133                <category android:name="android.intent.category.DEFAULT" />
133-->src\main\AndroidManifest.xml:65:17-76
133-->src\main\AndroidManifest.xml:65:27-73
134            </intent-filter>
135        </activity>
136        <!--
137             Don't delete the meta-data below.
138             This is used by the Flutter tool to generate GeneratedPluginRegistrant.java
139        -->
140        <meta-data
140-->src\main\AndroidManifest.xml:72:9-74:33
141            android:name="flutterEmbedding"
141-->src\main\AndroidManifest.xml:73:13-44
142            android:value="2" />
142-->src\main\AndroidManifest.xml:74:13-30
143
144        <service
144-->[:firebase_messaging] AndroidManifest.xml:14:9-17:72
145            android:name="io.flutter.plugins.firebase.messaging.FlutterFirebaseMessagingBackgroundService"
145-->[:firebase_messaging] AndroidManifest.xml:15:13-107
146            android:exported="false"
146-->[:firebase_messaging] AndroidManifest.xml:16:13-37
147            android:permission="android.permission.BIND_JOB_SERVICE" />
147-->[:firebase_messaging] AndroidManifest.xml:17:13-69
148        <service
148-->[:firebase_messaging] AndroidManifest.xml:18:9-24:19
149            android:name="io.flutter.plugins.firebase.messaging.FlutterFirebaseMessagingService"
149-->[:firebase_messaging] AndroidManifest.xml:19:13-97
150            android:exported="false" >
150-->[:firebase_messaging] AndroidManifest.xml:20:13-37
151            <intent-filter>
151-->[:firebase_messaging] AndroidManifest.xml:21:13-23:29
152                <action android:name="com.google.firebase.MESSAGING_EVENT" />
152-->[:firebase_messaging] AndroidManifest.xml:22:17-78
152-->[:firebase_messaging] AndroidManifest.xml:22:25-75
153            </intent-filter>
154        </service>
155
156        <receiver
156-->[:firebase_messaging] AndroidManifest.xml:26:9-33:20
157            android:name="io.flutter.plugins.firebase.messaging.FlutterFirebaseMessagingReceiver"
157-->[:firebase_messaging] AndroidManifest.xml:27:13-98
158            android:exported="true"
158-->[:firebase_messaging] AndroidManifest.xml:28:13-36
159            android:permission="com.google.android.c2dm.permission.SEND" >
159-->[:firebase_messaging] AndroidManifest.xml:29:13-73
160            <intent-filter>
160-->[:firebase_messaging] AndroidManifest.xml:30:13-32:29
161                <action android:name="com.google.android.c2dm.intent.RECEIVE" />
161-->[:firebase_messaging] AndroidManifest.xml:31:17-81
161-->[:firebase_messaging] AndroidManifest.xml:31:25-78
162            </intent-filter>
163        </receiver>
164
165        <service
165-->[:firebase_messaging] AndroidManifest.xml:35:9-39:19
166            android:name="com.google.firebase.components.ComponentDiscoveryService"
166-->[:firebase_messaging] AndroidManifest.xml:35:18-89
167            android:directBootAware="true"
167-->[com.google.firebase:firebase-common:20.4.2] AndroidManifest.xml:32:13-43
168            android:exported="false" >
168-->[com.google.firebase:firebase-auth:22.2.0] AndroidManifest.xml:68:13-37
169            <meta-data
169-->[:firebase_messaging] AndroidManifest.xml:36:13-38:85
170                android:name="com.google.firebase.components:io.flutter.plugins.firebase.messaging.FlutterFirebaseAppRegistrar"
170-->[:firebase_messaging] AndroidManifest.xml:37:17-128
171                android:value="com.google.firebase.components.ComponentRegistrar" />
171-->[:firebase_messaging] AndroidManifest.xml:38:17-82
172            <meta-data
172-->[:firebase_analytics] AndroidManifest.xml:13:13-15:85
173                android:name="com.google.firebase.components:io.flutter.plugins.firebase.analytics.FlutterFirebaseAppRegistrar"
173-->[:firebase_analytics] AndroidManifest.xml:14:17-128
174                android:value="com.google.firebase.components.ComponentRegistrar" />
174-->[:firebase_analytics] AndroidManifest.xml:15:17-82
175            <meta-data
175-->[:firebase_auth] AndroidManifest.xml:9:13-11:85
176                android:name="com.google.firebase.components:io.flutter.plugins.firebase.auth.FlutterFirebaseAuthRegistrar"
176-->[:firebase_auth] AndroidManifest.xml:10:17-124
177                android:value="com.google.firebase.components.ComponentRegistrar" />
177-->[:firebase_auth] AndroidManifest.xml:11:17-82
178            <meta-data
178-->[:firebase_storage] AndroidManifest.xml:9:13-11:85
179                android:name="com.google.firebase.components:io.flutter.plugins.firebase.storage.FlutterFirebaseAppRegistrar"
179-->[:firebase_storage] AndroidManifest.xml:10:17-126
180                android:value="com.google.firebase.components.ComponentRegistrar" />
180-->[:firebase_storage] AndroidManifest.xml:11:17-82
181            <meta-data
181-->[:firebase_core] AndroidManifest.xml:9:13-11:85
182                android:name="com.google.firebase.components:io.flutter.plugins.firebase.core.FlutterFirebaseCoreRegistrar"
182-->[:firebase_core] AndroidManifest.xml:10:17-124
183                android:value="com.google.firebase.components.ComponentRegistrar" />
183-->[:firebase_core] AndroidManifest.xml:11:17-82
184            <meta-data
184-->[com.google.firebase:firebase-auth:22.2.0] AndroidManifest.xml:69:13-71:85
185                android:name="com.google.firebase.components:com.google.firebase.auth.FirebaseAuthRegistrar"
185-->[com.google.firebase:firebase-auth:22.2.0] AndroidManifest.xml:70:17-109
186                android:value="com.google.firebase.components.ComponentRegistrar" />
186-->[com.google.firebase:firebase-auth:22.2.0] AndroidManifest.xml:71:17-82
187            <meta-data
187-->[com.google.firebase:firebase-messaging:23.3.1] AndroidManifest.xml:57:13-59:85
188                android:name="com.google.firebase.components:com.google.firebase.messaging.FirebaseMessagingKtxRegistrar"
188-->[com.google.firebase:firebase-messaging:23.3.1] AndroidManifest.xml:58:17-122
189                android:value="com.google.firebase.components.ComponentRegistrar" />
189-->[com.google.firebase:firebase-messaging:23.3.1] AndroidManifest.xml:59:17-82
190            <meta-data
190-->[com.google.firebase:firebase-messaging:23.3.1] AndroidManifest.xml:60:13-62:85
191                android:name="com.google.firebase.components:com.google.firebase.messaging.FirebaseMessagingRegistrar"
191-->[com.google.firebase:firebase-messaging:23.3.1] AndroidManifest.xml:61:17-119
192                android:value="com.google.firebase.components.ComponentRegistrar" />
192-->[com.google.firebase:firebase-messaging:23.3.1] AndroidManifest.xml:62:17-82
193            <meta-data
193-->[com.google.firebase:firebase-storage:20.3.0] AndroidManifest.xml:30:13-32:85
194                android:name="com.google.firebase.components:com.google.firebase.storage.FirebaseStorageKtxRegistrar"
194-->[com.google.firebase:firebase-storage:20.3.0] AndroidManifest.xml:31:17-118
195                android:value="com.google.firebase.components.ComponentRegistrar" />
195-->[com.google.firebase:firebase-storage:20.3.0] AndroidManifest.xml:32:17-82
196            <meta-data
196-->[com.google.firebase:firebase-storage:20.3.0] AndroidManifest.xml:33:13-35:85
197                android:name="com.google.firebase.components:com.google.firebase.storage.StorageRegistrar"
197-->[com.google.firebase:firebase-storage:20.3.0] AndroidManifest.xml:34:17-107
198                android:value="com.google.firebase.components.ComponentRegistrar" />
198-->[com.google.firebase:firebase-storage:20.3.0] AndroidManifest.xml:35:17-82
199            <meta-data
199-->[com.google.firebase:firebase-iid:21.1.0] AndroidManifest.xml:32:13-34:85
200                android:name="com.google.firebase.components:com.google.firebase.iid.Registrar"
200-->[com.google.firebase:firebase-iid:21.1.0] AndroidManifest.xml:33:17-96
201                android:value="com.google.firebase.components.ComponentRegistrar" />
201-->[com.google.firebase:firebase-iid:21.1.0] AndroidManifest.xml:34:17-82
202            <meta-data
202-->[com.google.android.gms:play-services-measurement-api:21.5.0] AndroidManifest.xml:37:13-39:85
203                android:name="com.google.firebase.components:com.google.firebase.analytics.connector.internal.AnalyticsConnectorRegistrar"
203-->[com.google.android.gms:play-services-measurement-api:21.5.0] AndroidManifest.xml:38:17-139
204                android:value="com.google.firebase.components.ComponentRegistrar" />
204-->[com.google.android.gms:play-services-measurement-api:21.5.0] AndroidManifest.xml:39:17-82
205            <meta-data
205-->[com.google.firebase:firebase-installations:17.2.0] AndroidManifest.xml:15:13-17:85
206                android:name="com.google.firebase.components:com.google.firebase.installations.FirebaseInstallationsKtxRegistrar"
206-->[com.google.firebase:firebase-installations:17.2.0] AndroidManifest.xml:16:17-130
207                android:value="com.google.firebase.components.ComponentRegistrar" />
207-->[com.google.firebase:firebase-installations:17.2.0] AndroidManifest.xml:17:17-82
208            <meta-data
208-->[com.google.firebase:firebase-installations:17.2.0] AndroidManifest.xml:18:13-20:85
209                android:name="com.google.firebase.components:com.google.firebase.installations.FirebaseInstallationsRegistrar"
209-->[com.google.firebase:firebase-installations:17.2.0] AndroidManifest.xml:19:17-127
210                android:value="com.google.firebase.components.ComponentRegistrar" />
210-->[com.google.firebase:firebase-installations:17.2.0] AndroidManifest.xml:20:17-82
211            <meta-data
211-->[com.google.firebase:firebase-appcheck:17.1.1] AndroidManifest.xml:25:13-27:85
212                android:name="com.google.firebase.components:com.google.firebase.appcheck.FirebaseAppCheckKtxRegistrar"
212-->[com.google.firebase:firebase-appcheck:17.1.1] AndroidManifest.xml:26:17-120
213                android:value="com.google.firebase.components.ComponentRegistrar" />
213-->[com.google.firebase:firebase-appcheck:17.1.1] AndroidManifest.xml:27:17-82
214            <meta-data
214-->[com.google.firebase:firebase-appcheck:17.1.1] AndroidManifest.xml:28:13-30:85
215                android:name="com.google.firebase.components:com.google.firebase.appcheck.FirebaseAppCheckRegistrar"
215-->[com.google.firebase:firebase-appcheck:17.1.1] AndroidManifest.xml:29:17-117
216                android:value="com.google.firebase.components.ComponentRegistrar" />
216-->[com.google.firebase:firebase-appcheck:17.1.1] AndroidManifest.xml:30:17-82
217            <meta-data
217-->[com.google.firebase:firebase-common-ktx:20.4.2] AndroidManifest.xml:12:13-14:85
218                android:name="com.google.firebase.components:com.google.firebase.ktx.FirebaseCommonLegacyRegistrar"
218-->[com.google.firebase:firebase-common-ktx:20.4.2] AndroidManifest.xml:13:17-116
219                android:value="com.google.firebase.components.ComponentRegistrar" />
219-->[com.google.firebase:firebase-common-ktx:20.4.2] AndroidManifest.xml:14:17-82
220            <meta-data
220-->[com.google.firebase:firebase-common:20.4.2] AndroidManifest.xml:35:13-37:85
221                android:name="com.google.firebase.components:com.google.firebase.FirebaseCommonKtxRegistrar"
221-->[com.google.firebase:firebase-common:20.4.2] AndroidManifest.xml:36:17-109
222                android:value="com.google.firebase.components.ComponentRegistrar" />
222-->[com.google.firebase:firebase-common:20.4.2] AndroidManifest.xml:37:17-82
223            <meta-data
223-->[com.google.firebase:firebase-datatransport:18.1.7] AndroidManifest.xml:27:13-29:85
224                android:name="com.google.firebase.components:com.google.firebase.datatransport.TransportRegistrar"
224-->[com.google.firebase:firebase-datatransport:18.1.7] AndroidManifest.xml:28:17-115
225                android:value="com.google.firebase.components.ComponentRegistrar" />
225-->[com.google.firebase:firebase-datatransport:18.1.7] AndroidManifest.xml:29:17-82
226        </service>
227
228        <provider
228-->[:firebase_messaging] AndroidManifest.xml:41:9-45:38
229            android:name="io.flutter.plugins.firebase.messaging.FlutterFirebaseMessagingInitProvider"
229-->[:firebase_messaging] AndroidManifest.xml:42:13-102
230            android:authorities="com.rpc.kreki119.flutterfirebasemessaginginitprovider"
230-->[:firebase_messaging] AndroidManifest.xml:43:13-88
231            android:exported="false"
231-->[:firebase_messaging] AndroidManifest.xml:44:13-37
232            android:initOrder="99" />
232-->[:firebase_messaging] AndroidManifest.xml:45:13-35
233
234        <service
234-->[:geolocator_android] AndroidManifest.xml:8:9-12:56
235            android:name="com.baseflow.geolocator.GeolocatorLocationService"
235-->[:geolocator_android] AndroidManifest.xml:9:13-77
236            android:enabled="true"
236-->[:geolocator_android] AndroidManifest.xml:10:13-35
237            android:exported="false"
237-->[:geolocator_android] AndroidManifest.xml:11:13-37
238            android:foregroundServiceType="location" />
238-->[:geolocator_android] AndroidManifest.xml:12:13-53
239
240        <receiver
240-->[:flutter_local_notifications] AndroidManifest.xml:14:9-16:40
241            android:name="com.dexterous.flutterlocalnotifications.ActionBroadcastReceiver"
241-->[:flutter_local_notifications] AndroidManifest.xml:15:13-91
242            android:exported="false" />
242-->[:flutter_local_notifications] AndroidManifest.xml:16:13-37
243        <receiver
243-->[:flutter_local_notifications] AndroidManifest.xml:17:9-19:40
244            android:name="com.dexterous.flutterlocalnotifications.ScheduledNotificationReceiver"
244-->[:flutter_local_notifications] AndroidManifest.xml:18:13-97
245            android:exported="false" />
245-->[:flutter_local_notifications] AndroidManifest.xml:19:13-37
246        <receiver
246-->[:flutter_local_notifications] AndroidManifest.xml:20:9-29:20
247            android:name="com.dexterous.flutterlocalnotifications.ScheduledNotificationBootReceiver"
247-->[:flutter_local_notifications] AndroidManifest.xml:21:13-101
248            android:exported="false" >
248-->[:flutter_local_notifications] AndroidManifest.xml:22:13-37
249            <intent-filter>
249-->[:flutter_local_notifications] AndroidManifest.xml:23:13-28:29
250                <action android:name="android.intent.action.BOOT_COMPLETED" />
250-->[:flutter_local_notifications] AndroidManifest.xml:24:17-79
250-->[:flutter_local_notifications] AndroidManifest.xml:24:25-76
251                <action android:name="android.intent.action.MY_PACKAGE_REPLACED" />
251-->[:flutter_local_notifications] AndroidManifest.xml:25:17-84
251-->[:flutter_local_notifications] AndroidManifest.xml:25:25-81
252                <action android:name="android.intent.action.QUICKBOOT_POWERON" />
252-->[:flutter_local_notifications] AndroidManifest.xml:26:17-82
252-->[:flutter_local_notifications] AndroidManifest.xml:26:25-79
253                <action android:name="com.htc.intent.action.QUICKBOOT_POWERON" />
253-->[:flutter_local_notifications] AndroidManifest.xml:27:17-82
253-->[:flutter_local_notifications] AndroidManifest.xml:27:25-79
254            </intent-filter>
255        </receiver>
256
257        <provider
257-->[:image_picker_android] AndroidManifest.xml:8:9-16:20
258            android:name="io.flutter.plugins.imagepicker.ImagePickerFileProvider"
258-->[:image_picker_android] AndroidManifest.xml:9:13-82
259            android:authorities="com.rpc.kreki119.flutter.image_provider"
259-->[:image_picker_android] AndroidManifest.xml:10:13-74
260            android:exported="false"
260-->[:image_picker_android] AndroidManifest.xml:11:13-37
261            android:grantUriPermissions="true" >
261-->[:image_picker_android] AndroidManifest.xml:12:13-47
262            <meta-data
262-->[:image_picker_android] AndroidManifest.xml:13:13-15:75
263                android:name="android.support.FILE_PROVIDER_PATHS"
263-->[:image_picker_android] AndroidManifest.xml:14:17-67
264                android:resource="@xml/flutter_image_picker_file_paths" />
264-->[:image_picker_android] AndroidManifest.xml:15:17-72
265        </provider>
266
267        <activity
267-->[:url_launcher_android] AndroidManifest.xml:8:9-11:74
268            android:name="io.flutter.plugins.urllauncher.WebViewActivity"
268-->[:url_launcher_android] AndroidManifest.xml:9:13-74
269            android:exported="false"
269-->[:url_launcher_android] AndroidManifest.xml:10:13-37
270            android:theme="@android:style/Theme.NoTitleBar.Fullscreen" />
270-->[:url_launcher_android] AndroidManifest.xml:11:13-71
271        <activity
271-->[com.google.firebase:firebase-auth:22.2.0] AndroidManifest.xml:29:9-46:20
272            android:name="com.google.firebase.auth.internal.GenericIdpActivity"
272-->[com.google.firebase:firebase-auth:22.2.0] AndroidManifest.xml:30:13-80
273            android:excludeFromRecents="true"
273-->[com.google.firebase:firebase-auth:22.2.0] AndroidManifest.xml:31:13-46
274            android:exported="true"
274-->[com.google.firebase:firebase-auth:22.2.0] AndroidManifest.xml:32:13-36
275            android:launchMode="singleTask"
275-->[com.google.firebase:firebase-auth:22.2.0] AndroidManifest.xml:33:13-44
276            android:theme="@android:style/Theme.Translucent.NoTitleBar" >
276-->[com.google.firebase:firebase-auth:22.2.0] AndroidManifest.xml:34:13-72
277            <intent-filter>
277-->[com.google.firebase:firebase-auth:22.2.0] AndroidManifest.xml:35:13-45:29
278                <action android:name="android.intent.action.VIEW" />
278-->src\main\AndroidManifest.xml:81:13-65
278-->src\main\AndroidManifest.xml:81:21-62
279
280                <category android:name="android.intent.category.DEFAULT" />
280-->src\main\AndroidManifest.xml:65:17-76
280-->src\main\AndroidManifest.xml:65:27-73